[01m[K/home/ritvik/rover_ws/src/my_rover/src/simple_navigator.cpp:4:10:[m[K [01;31m[Kfatal error: [m[Krclcpp_action/rclcpp_action.hpp: No such file or directory
    4 | #include [01;31m[K"rclcpp_action/rclcpp_action.hpp"[m[K
      |          [01;31m[K^~~~~~~~~~~~~~~~~~~~~~~~~~~~~~~~~[m[K
compilation terminated.
gmake[2]: *** [CMakeFiles/simple_navigator.dir/build.make:76: CMakeFiles/simple_navigator.dir/src/simple_navigator.cpp.o] Error 1
gmake[1]: *** [CMakeFiles/Makefile2:137: CMakeFiles/simple_navigator.dir/all] Error 2
gmake: *** [Makefile:146: all] Error 2
