[35m[1mConsolidate compiler generated dependencies of target gps_node[0m
[ 50%] [32mBuilding CXX object CMakeFiles/gps_node.dir/src/gps_test.cpp.o[0m
[01m[K/home/ritvik/rover_ws/src/my_rover/src/gps_test.cpp:[m[K In constructor â€˜[01m[KRoverNavigator::RoverNavigator()[m[Kâ€™:
[01m[K/home/ritvik/rover_ws/src/my_rover/src/gps_test.cpp:21:9:[m[K [01;31m[Kerror: [m[Kâ€˜[01m[Kimu_subscriber_[m[Kâ€™ was not declared in this scope; did you mean â€˜[01m[Kimu_data_subscriber_[m[Kâ€™?
   21 |         [01;31m[Kimu_subscriber_[m[K = this->create_subscription<sensor_msgs::msg::Imu>(
      |         [01;31m[K^~~~~~~~~~~~~~~[m[K
      |         [32m[Kimu_data_subscriber_[m[K
[01m[K/home/ritvik/rover_ws/src/my_rover/src/gps_test.cpp:22:36:[m[K [01;31m[Kerror: [m[Kâ€˜[01m[KGpsNavigator[m[Kâ€™ has not been declared
   22 |             "/imu", 10, std::bind(&[01;31m[KGpsNavigator[m[K::imuCallback, this, std::placeholders::_1));
      |                                    [01;31m[K^~~~~~~~~~~~[m[K
gmake[2]: *** [CMakeFiles/gps_node.dir/build.make:76: CMakeFiles/gps_node.dir/src/gps_test.cpp.o] Error 1
gmake[1]: *** [CMakeFiles/Makefile2:137: CMakeFiles/gps_node.dir/all] Error 2
gmake: *** [Makefile:146: all] Error 2
