[0.013s] Invoking command in '/home/ritvik/rover_ws/build/my_rover': CMAKE_PREFIX_PATH=${CMAKE_PREFIX_PATH}:/opt/ros/humble /usr/bin/cmake --build /home/ritvik/rover_ws/build/my_rover -- -j22 -l22
[0.091s] [ 50%] [32mBuilding CXX object CMakeFiles/gps_node.dir/src/gps_nav.cpp.o[0m
[0.107s] [01m[Kcc1plus:[m[K [01;31m[Kfatal error: [m[K/home/ritvik/rover_ws/src/my_rover/src/gps_nav.cpp: No such file or directory
[0.107s] compilation terminated.
[0.108s] gmake[2]: *** [CMakeFiles/gps_node.dir/build.make:76: CMakeFiles/gps_node.dir/src/gps_nav.cpp.o] Error 1
[0.108s] gmake[1]: *** [CMakeFiles/Makefile2:137: CMakeFiles/gps_node.dir/all] Error 2
[0.109s] gmake: *** [Makefile:146: all] Error 2
[0.112s] Invoked command in '/home/ritvik/rover_ws/build/my_rover' returned '2': CMAKE_PREFIX_PATH=${CMAKE_PREFIX_PATH}:/opt/ros/humble /usr/bin/cmake --build /home/ritvik/rover_ws/build/my_rover -- -j22 -l22
