[01m[K/home/ritvik/rover_ws/src/my_rover/src/gps_test.cpp:22:13:[m[K [01;35m[Kwarning: [m[Kmissing terminating " character
   22 |             [01;35m[K"[m[K/imu, 10, std::bind(&RoverNavigator::processImuData, this, std::placeholders::_1));
      |             [01;35m[K^[m[K
[01m[K/home/ritvik/rover_ws/src/my_rover/src/gps_test.cpp:22:13:[m[K [01;31m[Kerror: [m[Kmissing terminating " character
   22 |             [01;31m[K"/imu, 10, std::bind(&RoverNavigator::processImuData, this, std::placeholders::_1));[m[K
      |             [01;31m[K^~~~~~~~~~~~~~~~~~~~~~~~~~~~~~~~~~~~~~~~~~~~~~~~~~~~~~~~~~~~~~~~~~~~~~~~~~~~~~~~~~~~[m[K
[01m[K/home/ritvik/rover_ws/src/my_rover/src/gps_test.cpp:[m[K In constructor â€˜[01m[KRoverNavigator::RoverNavigator()[m[Kâ€™:
[01m[K/home/ritvik/rover_ws/src/my_rover/src/gps_test.cpp:24:104:[m[K [01;31m[Kerror: [m[Kexpected â€˜[01m[K)[m[Kâ€™ before â€˜[01m[K;[m[Kâ€™ token
   24 | r_ = this->create_publisher<geometry_msgs::msg::Twist>("/cmd_vel", 10)[01;31m[K;[m[K
      |                                                                       [01;31m[K^[m[K

[01m[K/home/ritvik/rover_ws/src/my_rover/src/gps_test.cpp:21:80:[m[K [01;36m[Knote: [m[Kto match this â€˜[01m[K([m[Kâ€™
   21 | mu_data_subscriber_ = this->create_subscription<sensor_msgs::msg::Imu>[01;36m[K([m[K
      |                                                                       [01;36m[K^[m[K

gmake[2]: *** [CMakeFiles/gps_node.dir/build.make:76: CMakeFiles/gps_node.dir/src/gps_test.cpp.o] Error 1
gmake[1]: *** [CMakeFiles/Makefile2:137: CMakeFiles/gps_node.dir/all] Error 2
gmake: *** [Makefile:146: all] Error 2
