[0.008s] Invoking command in '/home/ritvik/rover_ws/build/my_rover': CMAKE_PREFIX_PATH=${CMAKE_PREFIX_PATH}:/opt/ros/humble /usr/bin/cmake --build /home/ritvik/rover_ws/build/my_rover -- -j22 -l22
[0.036s] [35m[1mConsolidate compiler generated dependencies of target gps_node[0m
[0.045s] [ 50%] [32mBuilding CXX object CMakeFiles/gps_node.dir/src/gps_test.cpp.o[0m
[0.148s] [01m[K/home/ritvik/rover_ws/src/my_rover/src/gps_test.cpp:22:13:[m[K [01;35m[Kwarning: [m[Kmissing terminating " character
[0.148s]    22 |             [01;35m[K"[m[K/imu, 10, std::bind(&RoverNavigator::processImuData, this, std::placeholders::_1));
[0.148s]       |             [01;35m[K^[m[K
[0.149s] [01m[K/home/ritvik/rover_ws/src/my_rover/src/gps_test.cpp:22:13:[m[K [01;31m[Kerror: [m[Kmissing terminating " character
[0.149s]    22 |             [01;31m[K"/imu, 10, std::bind(&RoverNavigator::processImuData, this, std::placeholders::_1));[m[K
[0.149s]       |             [01;31m[K^~~~~~~~~~~~~~~~~~~~~~~~~~~~~~~~~~~~~~~~~~~~~~~~~~~~~~~~~~~~~~~~~~~~~~~~~~~~~~~~~~~~[m[K
[1.318s] [01m[K/home/ritvik/rover_ws/src/my_rover/src/gps_test.cpp:[m[K In constructor â€˜[01m[KRoverNavigator::RoverNavigator()[m[Kâ€™:
[1.318s] [01m[K/home/ritvik/rover_ws/src/my_rover/src/gps_test.cpp:24:104:[m[K [01;31m[Kerror: [m[Kexpected â€˜[01m[K)[m[Kâ€™ before â€˜[01m[K;[m[Kâ€™ token
[1.318s]    24 | r_ = this->create_publisher<geometry_msgs::msg::Twist>("/cmd_vel", 10)[01;31m[K;[m[K
[1.318s]       |                                                                       [01;31m[K^[m[K
[1.318s] 
[1.318s] [01m[K/home/ritvik/rover_ws/src/my_rover/src/gps_test.cpp:21:80:[m[K [01;36m[Knote: [m[Kto match this â€˜[01m[K([m[Kâ€™
[1.318s]    21 | mu_data_subscriber_ = this->create_subscription<sensor_msgs::msg::Imu>[01;36m[K([m[K
[1.318s]       |                                                                       [01;36m[K^[m[K
[1.318s] 
[2.776s] gmake[2]: *** [CMakeFiles/gps_node.dir/build.make:76: CMakeFiles/gps_node.dir/src/gps_test.cpp.o] Error 1
[2.777s] gmake[1]: *** [CMakeFiles/Makefile2:137: CMakeFiles/gps_node.dir/all] Error 2
[2.777s] gmake: *** [Makefile:146: all] Error 2
[2.780s] Invoked command in '/home/ritvik/rover_ws/build/my_rover' returned '2': CMAKE_PREFIX_PATH=${CMAKE_PREFIX_PATH}:/opt/ros/humble /usr/bin/cmake --build /home/ritvik/rover_ws/build/my_rover -- -j22 -l22
